Compiling the C compiler identification source file "CMakeCCompilerId.c" failed.
Compiler: /usr/bin/cc 
Build flags: 
Id flags: 

The output was:
1
/usr/bin/ld: cannot find crt1.o: No such file or directory
/usr/bin/ld: cannot find crti.o: No such file or directory
/usr/bin/ld: cannot find -lc
/usr/bin/ld: cannot find crtn.o: No such file or directory
collect2: error: ld returned 1 exit status


Compiling the CXX compiler identification source file "CMakeCXXCompilerId.cpp" failed.
Compiler: CMAKE_CXX_COMPILER-NOTFOUND 
Build flags: 
Id flags: 

The output was:
Permission denied


Compiling the CXX compiler identification source file "CMakeCXXCompilerId.cpp" failed.
Compiler: CMAKE_CXX_COMPILER-NOTFOUND 
Build flags: 
Id flags: -c

The output was:
Permission denied


Determining if the C compiler works failed with the following output:
Change Dir: /mnt/c/Users/wr786/Documents/GitHub/GAMES101-Archive/pa0/build/CMakeFiles/CMakeTmp

Run Build Command:"/usr/bin/make" "cmTC_46bd3/fast"
/usr/bin/make -f CMakeFiles/cmTC_46bd3.dir/build.make CMakeFiles/cmTC_46bd3.dir/build
make[1]: Entering directory '/mnt/c/Users/wr786/Documents/GitHub/GAMES101-Archive/pa0/build/CMakeFiles/CMakeTmp'
Building C object CMakeFiles/cmTC_46bd3.dir/testCCompiler.c.o
/usr/bin/cc     -o CMakeFiles/cmTC_46bd3.dir/testCCompiler.c.o   -c /mnt/c/Users/wr786/Documents/GitHub/GAMES101-Archive/pa0/build/CMakeFiles/CMakeTmp/testCCompiler.c
Linking C executable cmTC_46bd3
/usr/bin/cmake -E cmake_link_script CMakeFiles/cmTC_46bd3.dir/link.txt --verbose=1
/usr/bin/cc       CMakeFiles/cmTC_46bd3.dir/testCCompiler.c.o  -o cmTC_46bd3 -rdynamic 
/usr/bin/ld: cannot find crt1.o: No such file or directory
/usr/bin/ld: cannot find crti.o: No such file or directory
/usr/bin/ld: cannot find -lc
/usr/bin/ld: cannot find crtn.o: No such file or directory
collect2: error: ld returned 1 exit status
CMakeFiles/cmTC_46bd3.dir/build.make:97: recipe for target 'cmTC_46bd3' failed
make[1]: *** [cmTC_46bd3] Error 1
make[1]: Leaving directory '/mnt/c/Users/wr786/Documents/GitHub/GAMES101-Archive/pa0/build/CMakeFiles/CMakeTmp'
Makefile:126: recipe for target 'cmTC_46bd3/fast' failed
make: *** [cmTC_46bd3/fast] Error 2


